timestamp: 2020-02-17T18:04:41.895679
CREATE TABLE "auth_user"(
    "id" INTEGER PRIMARY KEY AUTOINCREMENT,
    "first_name" CHAR(128),
    "last_name" CHAR(128),
    "email" CHAR(512),
    "password" CHAR(512),
    "registration_key" CHAR(512),
    "reset_password_key" CHAR(512),
    "registration_id" CHAR(512)
);
success!
timestamp: 2020-02-17T18:04:41.972870
CREATE TABLE "auth_group"(
    "id" INTEGER PRIMARY KEY AUTOINCREMENT,
    "role" CHAR(512),
    "description" TEXT
);
success!
timestamp: 2020-02-17T18:04:42.034665
CREATE TABLE "auth_membership"(
    "id" INTEGER PRIMARY KEY AUTOINCREMENT,
    "user_id" INTEGER REFERENCES "auth_user" ("id") ON DELETE CASCADE  ,
    "group_id" INTEGER REFERENCES "auth_group" ("id") ON DELETE CASCADE  
);
success!
timestamp: 2020-02-17T18:04:42.096817
CREATE TABLE "auth_permission"(
    "id" INTEGER PRIMARY KEY AUTOINCREMENT,
    "group_id" INTEGER REFERENCES "auth_group" ("id") ON DELETE CASCADE  ,
    "name" CHAR(512),
    "table_name" CHAR(512),
    "record_id" INTEGER
);
success!
timestamp: 2020-02-17T18:04:42.159609
CREATE TABLE "auth_event"(
    "id" INTEGER PRIMARY KEY AUTOINCREMENT,
    "time_stamp" TIMESTAMP,
    "client_ip" CHAR(512),
    "user_id" INTEGER REFERENCES "auth_user" ("id") ON DELETE CASCADE  ,
    "origin" CHAR(512),
    "description" TEXT
);
success!
timestamp: 2020-02-17T18:04:42.309424
CREATE TABLE "auth_cas"(
    "id" INTEGER PRIMARY KEY AUTOINCREMENT,
    "user_id" INTEGER REFERENCES "auth_user" ("id") ON DELETE CASCADE  ,
    "created_on" TIMESTAMP,
    "service" CHAR(512),
    "ticket" CHAR(512),
    "renew" CHAR(1)
);
success!
timestamp: 2020-02-17T18:04:42.456682
CREATE TABLE "pessoa"(
    "id" INTEGER PRIMARY KEY AUTOINCREMENT,
    "nome" CHAR(512),
    "telefone" INTEGER
);
success!
timestamp: 2020-02-17T18:04:42.519613
CREATE TABLE "clientes"(
    "id" INTEGER PRIMARY KEY AUTOINCREMENT,
    "nome" CHAR(512),
    "rg" INTEGER,
    "cpf" INTEGER,
    "logradouro" CHAR(512),
    "numero" INTEGER,
    "bairro" CHAR(512),
    "cidade" CHAR(512),
    "uf" CHAR(512),
    "data_cadastro" TIMESTAMP,
    "ativo" CHAR(1)
);
success!
timestamp: 2020-02-17T18:04:42.581670
CREATE TABLE "categorias"(
    "id" INTEGER PRIMARY KEY AUTOINCREMENT,
    "nome_categoria" CHAR(512)
);
success!
timestamp: 2020-02-17T18:04:42.643365
CREATE TABLE "produtos"(
    "id" INTEGER PRIMARY KEY AUTOINCREMENT,
    "nome" CHAR(512),
    "valor" DOUBLE,
    "quantidade" INTEGER,
    "imagemdoproduto" CHAR(512),
    "data_cadastro" TIMESTAMP,
    "categoria" INTEGER REFERENCES "categorias" ("id") ON DELETE CASCADE  
);
success!
timestamp: 2020-02-17T18:04:42.704536
CREATE TABLE "itens"(
    "id" INTEGER PRIMARY KEY AUTOINCREMENT,
    "pedido" INTEGER,
    "codigo_produto" INTEGER,
    "quantidade" DOUBLE,
    "valor" DOUBLE,
    "sub_total" DOUBLE
);
success!
timestamp: 2020-02-17T18:04:42.766753
CREATE TABLE "vendas"(
    "id" INTEGER PRIMARY KEY AUTOINCREMENT,
    "cliente_id" INTEGER,
    "nome" CHAR(512),
    "total_compra" DOUBLE,
    "forma_pagamento" CHAR(512),
    "status" CHAR(1)
);
success!
timestamp: 2020-07-13T17:57:22.676782
ALTER TABLE "vendas" ADD "pedido_id" INTEGER;
timestamp: 2020-07-13T17:57:22.802620
ALTER TABLE "vendas" ADD "status_do_pagamento" CHAR(1);
success!
success!
success!
success!
success!
success!
success!
success!
success!
success!
success!
success!
success!
success!
success!
success!
success!
success!
success!
success!
success!
success!
success!
success!
success!
success!
success!
success!
success!
success!
success!
success!
success!
success!
success!
success!
success!
success!
success!
success!
timestamp: 2020-07-13T19:30:04.178095
CREATE TABLE "itens"(
    "id" INTEGER PRIMARY KEY AUTOINCREMENT,
    "pedido" INTEGER,
    "codigo_produto" INTEGER,
    "quantidade" DOUBLE,
    "valor" DOUBLE,
    "sub_total" DOUBLE
);
timestamp: 2020-07-13T19:30:06.522733
CREATE TABLE "itens"(
    "id" INTEGER PRIMARY KEY AUTOINCREMENT,
    "pedido" INTEGER,
    "codigo_produto" INTEGER,
    "quantidade" DOUBLE,
    "valor" DOUBLE,
    "sub_total" DOUBLE
);
timestamp: 2020-07-13T19:30:08.262195
CREATE TABLE "itens"(
    "id" INTEGER PRIMARY KEY AUTOINCREMENT,
    "pedido" INTEGER,
    "codigo_produto" INTEGER,
    "quantidade" DOUBLE,
    "valor" DOUBLE,
    "sub_total" DOUBLE
);
timestamp: 2020-07-13T19:30:30.042516
CREATE TABLE "itens"(
    "id" INTEGER PRIMARY KEY AUTOINCREMENT,
    "pedido" INTEGER,
    "codigo_produto" INTEGER,
    "quantidade" DOUBLE,
    "valor" DOUBLE,
    "sub_total" DOUBLE
);
timestamp: 2020-07-13T19:31:10.697831
CREATE TABLE "itens"(
    "id" INTEGER PRIMARY KEY AUTOINCREMENT,
    "pedido" INTEGER,
    "codigo_produto" INTEGER,
    "quantidade" DOUBLE,
    "valor" DOUBLE,
    "sub_total" DOUBLE
);
timestamp: 2020-07-13T19:32:40.116259
CREATE TABLE "itens"(
    "id" INTEGER PRIMARY KEY AUTOINCREMENT,
    "pedido" INTEGER,
    "codigo_produto" INTEGER,
    "quantidade" DOUBLE,
    "valor" DOUBLE,
    "sub_total" DOUBLE
);
timestamp: 2020-07-13T19:33:26.629125
CREATE TABLE "vendas"(
    "id" INTEGER PRIMARY KEY AUTOINCREMENT,
    "cliente_id" INTEGER,
    "total_compra" DOUBLE,
    "forma_pagamento" CHAR(512),
    "pedido_id" INTEGER,
    "status_do_pagamento" CHAR(1)
);
success!
timestamp: 2020-07-13T19:34:09.683896
CREATE TABLE "itens"(
    "id" INTEGER PRIMARY KEY AUTOINCREMENT,
    "pedido" INTEGER,
    "codigo_produto" INTEGER,
    "quantidade" DOUBLE,
    "valor" DOUBLE,
    "sub_total" DOUBLE
);
timestamp: 2020-07-13T19:36:03.897741
CREATE TABLE "itens"(
    "id" INTEGER PRIMARY KEY AUTOINCREMENT,
    "pedido" INTEGER,
    "codigo_produto" INTEGER,
    "quantidade" DOUBLE,
    "valor" DOUBLE,
    "sub_total" DOUBLE
);
timestamp: 2020-07-13T19:36:04.734835
CREATE TABLE "itens"(
    "id" INTEGER PRIMARY KEY AUTOINCREMENT,
    "pedido" INTEGER,
    "codigo_produto" INTEGER,
    "quantidade" DOUBLE,
    "valor" DOUBLE,
    "sub_total" DOUBLE
);
timestamp: 2020-07-13T19:37:00.207197
CREATE TABLE "itens"(
    "id" INTEGER PRIMARY KEY AUTOINCREMENT,
    "pedido" INTEGER,
    "codigo_produto" INTEGER,
    "quantidade" DOUBLE,
    "valor" DOUBLE,
    "sub_total" DOUBLE
);
timestamp: 2020-07-13T19:37:59.640182
CREATE TABLE "itens_pedido"(
    "id" INTEGER PRIMARY KEY AUTOINCREMENT,
    "pedido" INTEGER,
    "codigo_produto" INTEGER,
    "quantidade" DOUBLE,
    "valor" DOUBLE,
    "sub_total" DOUBLE
);
success!
success!
success!
success!
success!
success!
success!
success!
success!
success!
success!
success!
success!
success!
success!
success!
success!
success!
success!
success!
success!
success!
success!
success!
success!
success!
success!
success!
success!
success!
success!
success!
success!
success!
success!
success!
success!
success!
success!
success!
success!
success!
success!
success!
success!
success!
success!
success!
success!
success!
success!
success!
success!
success!
success!
success!
success!
success!
success!
success!
success!
success!
success!
success!
success!
success!
success!
success!
success!
success!
success!
success!
success!
success!
success!
success!
success!
success!
success!
success!
success!
success!
success!
success!
success!
success!
success!
success!
success!
success!
success!
success!
success!
success!
success!
success!
success!
success!
success!
success!
success!
success!
success!
success!
success!
success!
success!
success!
success!
success!
success!
success!
success!
success!
success!
success!
success!
success!
success!
success!
success!
success!
success!
success!
success!
success!
success!
success!
success!
success!
success!
success!
success!
success!
success!
success!
success!
success!
success!
success!
success!
success!
success!
success!
success!
success!
success!
success!
success!
success!
success!
success!
success!
success!
success!
success!
success!
success!
success!
success!
success!
success!
success!
success!
success!
success!
success!
success!
success!
success!
success!
success!
success!
success!
success!
success!
success!
success!
success!
success!
success!
success!
success!
success!
success!
success!
success!
success!
success!
success!
success!
success!
success!
success!
success!
success!
success!
success!
success!
success!
success!
success!
success!
success!
success!
success!
success!
success!
success!
success!
success!
success!
success!
success!
success!
success!
success!
success!
success!
success!
success!
success!
success!
success!
success!
success!
success!
success!
success!
success!
success!
success!
success!
success!
success!
success!
success!
success!
success!
success!
success!
success!
success!
success!
success!
success!
success!
success!
success!
success!
success!
success!
success!
success!
success!
success!
success!
success!
success!
success!
success!
success!
success!
success!
success!
success!
success!
success!
success!
success!
success!
success!
success!
success!
success!
success!
success!
success!
success!
success!
success!
success!
success!
success!
success!
success!
success!
success!
success!
success!
DELETE FROM "vendas";
DELETE FROM sqlite_sequence WHERE name='vendas'
success!
success!
success!
DELETE FROM "vendas";
DELETE FROM sqlite_sequence WHERE name='vendas'
success!
success!
success!
success!
success!
success!
success!
success!
success!
success!
success!
success!
success!
success!
success!
success!
success!
success!
success!
success!
success!
success!
success!
success!
success!
success!
success!
success!
success!
success!
success!
success!
success!
DELETE FROM "vendas";
DELETE FROM sqlite_sequence WHERE name='vendas'
success!
success!
success!
success!
success!
