timestamp: 2020-02-14T11:17:28.721952
CREATE TABLE "auth_user"(
    "id" INTEGER PRIMARY KEY AUTOINCREMENT,
    "first_name" CHAR(128),
    "last_name" CHAR(128),
    "email" CHAR(512),
    "password" CHAR(512),
    "registration_key" CHAR(512),
    "reset_password_key" CHAR(512),
    "registration_id" CHAR(512)
);
success!
timestamp: 2020-02-14T11:17:28.788503
CREATE TABLE "auth_group"(
    "id" INTEGER PRIMARY KEY AUTOINCREMENT,
    "role" CHAR(512),
    "description" TEXT
);
success!
timestamp: 2020-02-14T11:17:28.851278
CREATE TABLE "auth_membership"(
    "id" INTEGER PRIMARY KEY AUTOINCREMENT,
    "user_id" INTEGER REFERENCES "auth_user" ("id") ON DELETE CASCADE  ,
    "group_id" INTEGER REFERENCES "auth_group" ("id") ON DELETE CASCADE  
);
success!
timestamp: 2020-02-14T11:17:28.913907
CREATE TABLE "auth_permission"(
    "id" INTEGER PRIMARY KEY AUTOINCREMENT,
    "group_id" INTEGER REFERENCES "auth_group" ("id") ON DELETE CASCADE  ,
    "name" CHAR(512),
    "table_name" CHAR(512),
    "record_id" INTEGER
);
success!
timestamp: 2020-02-14T11:17:28.976573
CREATE TABLE "auth_event"(
    "id" INTEGER PRIMARY KEY AUTOINCREMENT,
    "time_stamp" TIMESTAMP,
    "client_ip" CHAR(512),
    "user_id" INTEGER REFERENCES "auth_user" ("id") ON DELETE CASCADE  ,
    "origin" CHAR(512),
    "description" TEXT
);
success!
timestamp: 2020-02-14T11:17:29.039576
CREATE TABLE "auth_cas"(
    "id" INTEGER PRIMARY KEY AUTOINCREMENT,
    "user_id" INTEGER REFERENCES "auth_user" ("id") ON DELETE CASCADE  ,
    "created_on" TIMESTAMP,
    "service" CHAR(512),
    "ticket" CHAR(512),
    "renew" CHAR(1)
);
success!
timestamp: 2020-02-14T11:26:42.011832
CREATE TABLE "pessoa"(
    "id" INTEGER PRIMARY KEY AUTOINCREMENT,
    "nome" CHAR(512),
    "telefone" INTEGER
);
success!
timestamp: 2020-02-14T11:26:42.075094
CREATE TABLE "clientes"(
    "id" INTEGER PRIMARY KEY AUTOINCREMENT,
    "nome" CHAR(512),
    "rg" INTEGER,
    "cpf" INTEGER,
    "logradouro" CHAR(512),
    "numero" INTEGER,
    "bairro" CHAR(512),
    "cidade" CHAR(512),
    "uf" CHAR(512),
    "data_cadastro" TIMESTAMP,
    "ativo" CHAR(1)
);
success!
timestamp: 2020-02-14T11:26:42.139990
CREATE TABLE "categorias"(
    "id" INTEGER PRIMARY KEY AUTOINCREMENT,
    "nome_categoria" CHAR(512)
);
success!
timestamp: 2020-02-14T11:26:42.200761
CREATE TABLE "produtos"(
    "id" INTEGER PRIMARY KEY AUTOINCREMENT,
    "nome" CHAR(512),
    "valor" DOUBLE,
    "quantidade" INTEGER,
    "imagemdoproduto" CHAR(512),
    "data_cadastro" TIMESTAMP,
    "categoria" INTEGER REFERENCES "categorias" ("id") ON DELETE CASCADE  
);
success!
timestamp: 2020-02-14T11:26:42.263232
CREATE TABLE "vendas"(
    "id" INTEGER PRIMARY KEY AUTOINCREMENT,
    "cliente_id" INTEGER,
    "nome" CHAR(512),
    "produto_codigo" INTEGER,
    "quantidade" INTEGER,
    "total_compra" DOUBLE,
    "forma_pagamento" CHAR(512),
    "status" CHAR(1)
);
success!
timestamp: 2020-02-14T11:33:06.356694
CREATE TABLE "itens"(
    "id" INTEGER PRIMARY KEY AUTOINCREMENT,
    "pedido" INTEGER,
    "codigo_produto" INTEGER,
    "quantidade" DOUBLE,
    "valor" DOUBLE,
    "sub_total" DOUBLE
);
success!
success!
timestamp: 2020-02-14T11:36:53.808765
ALTER TABLE "vendas" ADD "itens" INTEGER REFERENCES "itens" ("id") ON DELETE CASCADE  ;
success!
success!
success!
success!
success!
success!
success!
success!
timestamp: 2020-02-14T11:40:11.847463
ALTER TABLE "vendas" ADD "itens_id" INTEGER REFERENCES "itens" ("id") ON DELETE CASCADE  ;
success!
success!
success!
success!
success!
success!
success!
success!
success!
success!
success!
success!
success!
success!
success!
success!
success!
success!
success!
success!
success!
success!
success!
success!
success!
success!
success!
success!
success!
success!
success!
success!
success!
success!
success!
success!
success!
success!
success!
success!
success!
success!
success!
success!
success!
success!
success!
success!
success!
success!
success!
success!
success!
success!
success!
success!
success!
success!
success!
success!
success!
success!
success!
success!
success!
success!
success!
success!
success!
success!
success!
success!
success!
success!
success!
success!
success!
success!
success!
success!
success!
success!
success!
success!
success!
success!
success!
success!
success!
success!
success!
success!
success!
success!
success!
success!
success!
success!
success!
success!
success!
success!
success!
success!
success!
success!
success!
success!
success!
success!
success!
success!
success!
success!
success!
success!
success!
success!
success!
success!
success!
success!
success!
success!
success!
success!
success!
success!
success!
success!
success!
success!
success!
success!
success!
success!
success!
success!
success!
success!
success!
success!
success!
success!
success!
success!
success!
success!
success!
success!
success!
success!
success!
success!
success!
success!
success!
success!
success!
success!
success!
success!
success!
success!
success!
success!
success!
success!
success!
success!
success!
success!
success!
success!
success!
success!
success!
success!
success!
success!
success!
success!
success!
success!
success!
success!
success!
success!
success!
success!
success!
success!
success!
success!
success!
success!
success!
success!
success!
success!
success!
success!
success!
success!
success!
success!
success!
success!
success!
success!
success!
success!
success!
success!
success!
success!
success!
success!
success!
success!
success!
success!
success!
success!
success!
success!
success!
success!
success!
success!
success!
success!
success!
success!
success!
success!
success!
success!
success!
success!
success!
success!
success!
success!
success!
success!
success!
success!
success!
success!
success!
success!
success!
success!
success!
success!
success!
success!
success!
success!
success!
success!
success!
success!
success!
success!
success!
success!
success!
success!
success!
success!
success!
success!
success!
success!
success!
success!
success!
success!
success!
timestamp: 2020-02-14T14:31:14.561596
ALTER TABLE "vendas" ADD "pedido_numero" INTEGER REFERENCES "itens" ("id") ON DELETE CASCADE  ;
success!
success!
success!
success!
success!
success!
success!
success!
success!
success!
success!
success!
success!
success!
success!
success!
success!
success!
success!
success!
success!
success!
success!
success!
success!
success!
success!
success!
success!
success!
success!
success!
success!
success!
success!
success!
success!
success!
success!
success!
success!
success!
success!
success!
success!
success!
success!
success!
success!
success!
success!
success!
success!
success!
success!
success!
timestamp: 2020-02-14T19:16:10.483490
CREATE TABLE "vendas"(
    "id" INTEGER PRIMARY KEY AUTOINCREMENT,
    "cliente_id" INTEGER,
    "nome" CHAR(512),
    "total_compra" DOUBLE,
    "forma_pagamento" CHAR(512),
    "status" CHAR(1)
);
timestamp: 2020-02-14T19:16:24.768137
CREATE TABLE "vendas"(
    "id" INTEGER PRIMARY KEY AUTOINCREMENT,
    "cliente_id" INTEGER,
    "nome" CHAR(512),
    "total_compra" DOUBLE,
    "forma_pagamento" CHAR(512),
    "status" CHAR(1)
);
timestamp: 2020-02-14T19:16:44.951166
CREATE TABLE "vendas"(
    "id" INTEGER PRIMARY KEY AUTOINCREMENT,
    "cliente_id" INTEGER,
    "nome" CHAR(512),
    "total_compra" DOUBLE,
    "forma_pagamento" CHAR(512),
    "status" CHAR(1)
);
success!
success!
success!
success!
success!
success!
success!
success!
success!
success!
success!
success!
success!
success!
